<?xml version="1.0" encoding="UTF-8"?>
<testng-results skipped="0" failed="0" ignored="0" total="1" passed="1">
  <reporter-output>
  </reporter-output>
  <suite name="Default suite" duration-ms="26399" started-at="2020-01-24T03:52:39Z" finished-at="2020-01-24T03:53:05Z">
    <groups>
    </groups>
    <test name="Default test" duration-ms="26399" started-at="2020-01-24T03:52:39Z" finished-at="2020-01-24T03:53:05Z">
      <class name="com.training.sanity.tests.CYTC_009">
        <test-method status="PASS" signature="setUpBeforeClass()[pri:0, instance:com.training.sanity.tests.CYTC_009@5c3bd550]" name="setUpBeforeClass" is-config="true" duration-ms="17" started-at="2020-01-24T03:52:39Z" finished-at="2020-01-24T03:52:39Z">
          <reporter-output>
          </reporter-output>
        </test-method> <!-- setUpBeforeClass -->
        <test-method status="PASS" signature="setUp()[pri:0, instance:com.training.sanity.tests.CYTC_009@5c3bd550]" name="setUp" is-config="true" duration-ms="12601" started-at="2020-01-24T03:52:39Z" finished-at="2020-01-24T03:52:51Z">
          <reporter-output>
          </reporter-output>
        </test-method> <!-- setUp -->
        <test-method status="PASS" signature="validLoginTest()[pri:0, instance:com.training.sanity.tests.CYTC_009@5c3bd550]" name="validLoginTest" duration-ms="13447" started-at="2020-01-24T03:52:51Z" finished-at="2020-01-24T03:53:05Z">
          <reporter-output>
          </reporter-output>
        </test-method> <!-- validLoginTest -->
        <test-method status="PASS" signature="tearDown()[pri:0, instance:com.training.sanity.tests.CYTC_009@5c3bd550]" name="tearDown" is-config="true" duration-ms="306" started-at="2020-01-24T03:53:05Z" finished-at="2020-01-24T03:53:05Z">
          <reporter-output>
          </reporter-output>
        </test-method> <!-- tearDown -->
      </class> <!-- com.training.sanity.tests.CYTC_009 -->
    </test> <!-- Default test -->
  </suite> <!-- Default suite -->
</testng-results>
